<?xml version="1.0" encoding="UTF-8"?>
<!-- Generated by org.testng.reporters.JUnitReportReporter -->
<testsuite skipped="0" hostname="all-PC" name="testngsessions.Invocation_Count" tests="6" failures="0" timestamp="06 Dec 2018 10:25:35 GMT" time="0.021" errors="0">
  <testcase name="searchTest" time="0.001" classname="testngsessions.Invocation_Count"/>
  <testcase name="searchTest" time="0.002" classname="testngsessions.Invocation_Count"/>
  <testcase name="searchTest" time="0.002" classname="testngsessions.Invocation_Count"/>
  <testcase name="searchTest" time="0.002" classname="testngsessions.Invocation_Count"/>
  <testcase name="searchTest" time="0.002" classname="testngsessions.Invocation_Count"/>
  <testcase name="logoTest" time="0.012" classname="testngsessions.Invocation_Count"/>
</testsuite> <!-- testngsessions.Invocation_Count -->
