<?xml version="1.0" encoding="UTF-8"?>
<!-- Generated by org.testng.reporters.JUnitReportReporter -->
<testsuite skipped="2" hostname="all-PC" name="testngsessions.Ignore_TestCases" tests="6" failures="0" timestamp="06 Dec 2018 10:25:35 GMT" time="0.011" errors="0">
  <testcase name="test1" time="0.002" classname="testngsessions.Ignore_TestCases"/>
  <testcase name="test3" time="0.003" classname="testngsessions.Ignore_TestCases"/>
  <testcase name="test5" time="0.003" classname="testngsessions.Ignore_TestCases"/>
  <testcase name="test6" time="0.003" classname="testngsessions.Ignore_TestCases"/>
  <testcase name="test4" classname="testngsessions.Ignore_TestCases">
    <skipped/>
  </testcase> <!-- test4 -->
  <testcase name="test2" classname="testngsessions.Ignore_TestCases">
    <skipped/>
  </testcase> <!-- test2 -->
</testsuite> <!-- testngsessions.Ignore_TestCases -->
