<?xml version="1.0" encoding="UTF-8"?>
<!-- Generated by org.testng.reporters.JUnitReportReporter -->
<testsuite skipped="0" hostname="all-PC" name="testngsessions.Home_Page_Test" tests="2" failures="0" timestamp="11 Dec 2018 05:43:07 GMT" time="33.687" errors="0">
  <testcase name="clickRestaurantTest" time="18.401" classname="testngsessions.Home_Page_Test"/>
  <testcase name="clickOnCouponCodeTest" time="15.286" classname="testngsessions.Home_Page_Test"/>
</testsuite> <!-- testngsessions.Home_Page_Test -->
