<?xml version="1.0" encoding="UTF-8"?>
<!-- Generated by org.testng.reporters.JUnitReportReporter -->
<testsuite skipped="0" hostname="all-PC" name="testngsessions.TestNGGroups" tests="5" failures="0" timestamp="06 Dec 2018 10:25:35 GMT" time="0.014" errors="0">
  <testcase name="SearchTest" time="0.002" classname="testngsessions.TestNGGroups"/>
  <testcase name="signUpTest" time="0.003" classname="testngsessions.TestNGGroups"/>
  <testcase name="LoginTest" time="0.003" classname="testngsessions.TestNGGroups"/>
  <testcase name="RegTest" time="0.002" classname="testngsessions.TestNGGroups"/>
  <testcase name="logoTest" time="0.004" classname="testngsessions.TestNGGroups"/>
</testsuite> <!-- testngsessions.TestNGGroups -->
