<?xml version="1.0" encoding="UTF-8"?>
<!-- Generated by org.testng.reporters.JUnitReportReporter -->
<testsuite skipped="0" hostname="all-PC" name="testngsessions.TestNGBasics" tests="2" failures="0" timestamp="11 Dec 2018 06:31:14 GMT" time="33.479" errors="0">
  <testcase name="verifyPageTitleTest" time="20.897" classname="testngsessions.TestNGBasics"/>
  <testcase name="verifyNetMenusLogoTest" time="12.582" classname="testngsessions.TestNGBasics"/>
</testsuite> <!-- testngsessions.TestNGBasics -->
